生成启动时间为 2022/3/27 16:50:49。
     1>项目“D:\桌面\软件工程\tri-function-main\trifunc2\trifunc1\trifunc1.vcxproj”在节点 2 上(Build 个目标)。
       项目文件包含 ToolsVersion="15.0"。此工具集可能未知或缺失。在这种情况下，通过安装 MSBuild 的正确版本，或许可以解决此问题。否则，该 build 可能已因策略原因而被强制为某个特定 ToolsVersion。将该项目视为其已具有 ToolsVersion="4.0"。有关详细信息，请参阅 http://go.microsoft.com/fwlink/?LinkId=291333。
     1>ClCompile:
         D:\VS2012\vs2012\VC\bin\x86_amd64\CL.exe /c /Zi /nologo /W3 /WX- /sdl /Od /D _MBCS /Gm /EHsc /RTC1 /MDd /GS /fp:precise /Zc:wchar_t /Zc:forScope /Fo"x64\Debug\\" /Fd"x64\Debug\vc110.pdb" /Gd /TP /errorReport:prompt trifunc1.cpp
         trifunc1.cpp
     1>trifunc1.cpp : warning C4819: 该文件包含不能在当前代码页(936)中表示的字符。请将该文件保存为 Unicode 格式以防止数据丢失
     1>trifunc1.cpp(5): error C2144: 语法错误:“auto”的前面应有“;”
     1>trifunc1.cpp(5): error C4430: 缺少类型说明符 - 假定为 int。注意: C++ 不支持默认 int
     1>trifunc1.cpp(30): error C2059: 语法错误:“return”
     1>trifunc1.cpp(31): error C2059: 语法错误:“}”
     1>trifunc1.cpp(31): error C2143: 语法错误 : 缺少“;”(在“}”的前面)
     1>trifunc1.cpp(35): error C2143: 语法错误 : 缺少“;”(在“{”的前面)
     1>trifunc1.cpp(35): error C2447: “{”: 缺少函数标题(是否是老式的形式表?)
     1>trifunc1.cpp(59): error C2447: “{”: 缺少函数标题(是否是老式的形式表?)
     1>trifunc1.cpp(64): error C2447: “{”: 缺少函数标题(是否是老式的形式表?)
     1>trifunc1.cpp(82): error C3861: “snowsin”: 找不到标识符
     1>trifunc1.cpp(84): error C2665: “sqrt”: 3 个重载中没有一个可以转换所有参数类型
                 D:\VS2012\vs2012\VC\include\math.h(127): 可能是“double sqrt(double)”
                 D:\VS2012\vs2012\VC\include\math.h(540): 或       “float sqrt(float)”
                 D:\VS2012\vs2012\VC\include\math.h(588): 或       “long double sqrt(long double)”
                 尝试匹配参数列表“(overloaded-function)”时
     1>trifunc1.cpp(88): warning C4244: “初始化”: 从“double”转换到“float”，可能丢失数据
     1>trifunc1.cpp(95): warning C4244: “*=”: 从“double”转换到“float”，可能丢失数据
     1>trifunc1.cpp(97): warning C4244: “=”: 从“double”转换到“float”，可能丢失数据
     1>trifunc1.cpp(107): error C2601: “snowarctan”: 本地函数定义是非法的
     1>trifunc1.cpp(112): error C2601: “main”: 本地函数定义是非法的
     1>trifunc1.cpp(158): fatal error C1004: 发现意外的文件尾
     1>已完成生成项目“D:\桌面\软件工程\tri-function-main\trifunc2\trifunc1\trifunc1.vcxproj”(Build 个目标)的操作 - 失败。

生成失败。

已用时间 00:00:00.39
